This is pdfTeX, Version 3.141592653-2.6-1.40.26 (MiKTeX 24.3.31) (preloaded format=pdflatex 2024.4.18)  25 DEC 2024 16:04
entering extended mode
 restricted \write18 enabled.
 %&-line parsing enabled.
**./24.25_PR_PrName_Template_main_0.tex
(24.25_PR_PrName_Template_main_0.tex
LaTeX2e <2023-11-01> patch level 1
L3 programming layer <2024-03-14>

(C:\Users\ewald_kynr3vr\AppData\Local\Programs\MiKTeX\tex/latex/base\article.cl
s
Document Class: article 2023/05/17 v1.4n Standard LaTeX document class

(C:\Users\ewald_kynr3vr\AppData\Local\Programs\MiKTeX\tex/latex/base\size12.clo
File: size12.clo 2023/05/17 v1.4n Standard LaTeX file (size option)
)
\c@part=\count188
\c@section=\count189
\c@subsection=\count190
\c@subsubsection=\count191
\c@paragraph=\count192
\c@subparagraph=\count193
\c@figure=\count194
\c@table=\count195
\abovecaptionskip=\skip48
\belowcaptionskip=\skip49
\bibindent=\dimen140
) (labstyle.sty
(C:\Users\ewald_kynr3vr\AppData\Local\Programs\MiKTeX\tex/latex/base\inputenc.s
ty
Package: inputenc 2021/02/14 v1.3d Input encoding file
\inpenc@prehook=\toks17
\inpenc@posthook=\toks18
)
(C:\Users\ewald_kynr3vr\AppData\Local\Programs\MiKTeX\tex/generic/babel\babel.s
ty
Package: babel 2024/03/29 v24.3 The Babel package
\babel@savecnt=\count196
\U@D=\dimen141
\l@unhyphenated=\language79

(C:\Users\ewald_kynr3vr\AppData\Local\Programs\MiKTeX\tex/generic/babel\txtbabe
l.def)
\bbl@readstream=\read2
\bbl@dirlevel=\count197

*************************************
* Local config file bblopts.cfg used
*

(C:\Users\ewald_kynr3vr\AppData\Local\Programs\MiKTeX\tex/latex/arabi\bblopts.c
fg
File: bblopts.cfg 2005/09/08 v0.1 add Arabic and Farsi to "declared" options of
 babel
)
(C:\Users\ewald_kynr3vr\AppData\Local\Programs\MiKTeX\tex/latex/babel-german\ng
erman.ldf
Language: ngerman 2024/01/19 v2.14 German support for babel (post-1996 orthogra
phy)

(C:\Users\ewald_kynr3vr\AppData\Local\Programs\MiKTeX\tex/latex/babel-german\ng
ermanb.ldf
Language: ngermanb 2024/01/19 v2.14 German support for babel (post-1996 orthogr
aphy)
Package babel Info: Making " an active character on input line 122.
))
(C:\Users\ewald_kynr3vr\AppData\Local\Programs\MiKTeX\tex/latex/babel-german\ge
rman.ldf
Language: german 2024/01/19 v2.14 German support for babel (pre-1996 orthograph
y)

(C:\Users\ewald_kynr3vr\AppData\Local\Programs\MiKTeX\tex/latex/babel-german\ge
rmanb.ldf
Language: germanb 2024/01/19 v2.14 German support for babel (pre-1996 orthograp
hy)
)))
(C:\Users\ewald_kynr3vr\AppData\Local\Programs\MiKTeX\tex/generic/babel/locale/
de\babel-german.tex
Package babel Info: Importing font and identification data for german
(babel)             from babel-de-1901.ini. Reported on input line 25.
)
(C:\Users\ewald_kynr3vr\AppData\Local\Programs\MiKTeX\tex/generic/babel/locale/
de\babel-ngerman.tex
Package babel Info: Importing font and identification data for ngerman
(babel)             from babel-de.ini. Reported on input line 11.
)
(C:\Users\ewald_kynr3vr\AppData\Local\Programs\MiKTeX\tex/latex/amsmath\amsmath
.sty
Package: amsmath 2023/05/13 v2.17o AMS math features
\@mathmargin=\skip50

For additional information on amsmath, use the `?' option.

(C:\Users\ewald_kynr3vr\AppData\Local\Programs\MiKTeX\tex/latex/amsmath\amstext
.sty
Package: amstext 2021/08/26 v2.01 AMS text

(C:\Users\ewald_kynr3vr\AppData\Local\Programs\MiKTeX\tex/latex/amsmath\amsgen.
sty
File: amsgen.sty 1999/11/30 v2.0 generic functions
\@emptytoks=\toks19
\ex@=\dimen142
))
(C:\Users\ewald_kynr3vr\AppData\Local\Programs\MiKTeX\tex/latex/amsmath\amsbsy.
sty
Package: amsbsy 1999/11/29 v1.2d Bold Symbols
\pmbraise@=\dimen143
)
(C:\Users\ewald_kynr3vr\AppData\Local\Programs\MiKTeX\tex/latex/amsmath\amsopn.
sty
Package: amsopn 2022/04/08 v2.04 operator names
)
\inf@bad=\count198
LaTeX Info: Redefining \frac on input line 234.
\uproot@=\count199
\leftroot@=\count266
LaTeX Info: Redefining \overline on input line 399.
LaTeX Info: Redefining \colon on input line 410.
\classnum@=\count267
\DOTSCASE@=\count268
LaTeX Info: Redefining \ldots on input line 496.
LaTeX Info: Redefining \dots on input line 499.
LaTeX Info: Redefining \cdots on input line 620.
\Mathstrutbox@=\box51
\strutbox@=\box52
LaTeX Info: Redefining \big on input line 722.
LaTeX Info: Redefining \Big on input line 723.
LaTeX Info: Redefining \bigg on input line 724.
LaTeX Info: Redefining \Bigg on input line 725.
\big@size=\dimen144
LaTeX Font Info:    Redeclaring font encoding OML on input line 743.
LaTeX Font Info:    Redeclaring font encoding OMS on input line 744.
\macc@depth=\count269
LaTeX Info: Redefining \bmod on input line 905.
LaTeX Info: Redefining \pmod on input line 910.
LaTeX Info: Redefining \smash on input line 940.
LaTeX Info: Redefining \relbar on input line 970.
LaTeX Info: Redefining \Relbar on input line 971.
\c@MaxMatrixCols=\count270
\dotsspace@=\muskip16
\c@parentequation=\count271
\dspbrk@lvl=\count272
\tag@help=\toks20
\row@=\count273
\column@=\count274
\maxfields@=\count275
\andhelp@=\toks21
\eqnshift@=\dimen145
\alignsep@=\dimen146
\tagshift@=\dimen147
\tagwidth@=\dimen148
\totwidth@=\dimen149
\lineht@=\dimen150
\@envbody=\toks22
\multlinegap=\skip51
\multlinetaggap=\skip52
\mathdisplay@stack=\toks23
LaTeX Info: Redefining \[ on input line 2953.
LaTeX Info: Redefining \] on input line 2954.
)
(C:\Users\ewald_kynr3vr\AppData\Local\Programs\MiKTeX\tex/latex/amsfonts\amssym
b.sty
Package: amssymb 2013/01/14 v3.01 AMS font symbols

(C:\Users\ewald_kynr3vr\AppData\Local\Programs\MiKTeX\tex/latex/amsfonts\amsfon
ts.sty
Package: amsfonts 2013/01/14 v3.01 Basic AMSFonts support
\symAMSa=\mathgroup4
\symAMSb=\mathgroup5
LaTeX Font Info:    Redeclaring math symbol \hbar on input line 98.
LaTeX Font Info:    Overwriting math alphabet `\mathfrak' in version `bold'
(Font)                  U/euf/m/n --> U/euf/b/n on input line 106.
))
(C:\Users\ewald_kynr3vr\AppData\Local\Programs\MiKTeX\tex/latex/jknappen\mathrs
fs.sty
Package: mathrsfs 1996/01/01 Math RSFS package v1.0 (jk)
\symrsfs=\mathgroup6
)
(C:\Users\ewald_kynr3vr\AppData\Local\Programs\MiKTeX\tex/latex/amsfonts\eufrak
.sty

Package eufrak Warning: The eufrak package is redundant if the amsfonts package
 is used on input line 36.

)
(C:\Users\ewald_kynr3vr\AppData\Local\Programs\MiKTeX\tex/latex/multirow\multir
ow.sty
Package: multirow 2021/03/15 v2.8 Span multiple rows of a table
\multirow@colwidth=\skip53
\multirow@cntb=\count276
\multirow@dima=\skip54
\bigstrutjot=\dimen151
)
(C:\Users\ewald_kynr3vr\AppData\Local\Programs\MiKTeX\tex/latex/graphics\graphi
cx.sty
Package: graphicx 2021/09/16 v1.2d Enhanced LaTeX Graphics (DPC,SPQR)

(C:\Users\ewald_kynr3vr\AppData\Local\Programs\MiKTeX\tex/latex/graphics\keyval
.sty
Package: keyval 2022/05/29 v1.15 key=value parser (DPC)
\KV@toks@=\toks24
)
(C:\Users\ewald_kynr3vr\AppData\Local\Programs\MiKTeX\tex/latex/graphics\graphi
cs.sty
Package: graphics 2022/03/10 v1.4e Standard LaTeX Graphics (DPC,SPQR)

(C:\Users\ewald_kynr3vr\AppData\Local\Programs\MiKTeX\tex/latex/graphics\trig.s
ty
Package: trig 2021/08/11 v1.11 sin cos tan (DPC)
)
(C:\Users\ewald_kynr3vr\AppData\Local\Programs\MiKTeX\tex/latex/graphics-cfg\gr
aphics.cfg
File: graphics.cfg 2016/06/04 v1.11 sample graphics configuration
)
Package graphics Info: Driver file: pdftex.def on input line 107.

(C:\Users\ewald_kynr3vr\AppData\Local\Programs\MiKTeX\tex/latex/graphics-def\pd
ftex.def
File: pdftex.def 2022/09/22 v1.2b Graphics/color driver for pdftex
))
\Gin@req@height=\dimen152
\Gin@req@width=\dimen153
)
(C:\Users\ewald_kynr3vr\AppData\Local\Programs\MiKTeX\tex/latex/geometry\geomet
ry.sty
Package: geometry 2020/01/02 v5.9 Page Geometry

(C:\Users\ewald_kynr3vr\AppData\Local\Programs\MiKTeX\tex/generic/iftex\ifvtex.
sty
Package: ifvtex 2019/10/25 v1.7 ifvtex legacy package. Use iftex instead.

(C:\Users\ewald_kynr3vr\AppData\Local\Programs\MiKTeX\tex/generic/iftex\iftex.s
ty
Package: iftex 2022/02/03 v1.0f TeX engine tests
))
\Gm@cnth=\count277
\Gm@cntv=\count278
\c@Gm@tempcnt=\count279
\Gm@bindingoffset=\dimen154
\Gm@wd@mp=\dimen155
\Gm@odd@mp=\dimen156
\Gm@even@mp=\dimen157
\Gm@layoutwidth=\dimen158
\Gm@layoutheight=\dimen159
\Gm@layouthoffset=\dimen160
\Gm@layoutvoffset=\dimen161
\Gm@dimlist=\toks25

(C:\Users\ewald_kynr3vr\AppData\Local\Programs\MiKTeX\tex/latex/geometry\geomet
ry.cfg))
(C:\Users\ewald_kynr3vr\AppData\Local\Programs\MiKTeX\tex/latex/fancyhdr\fancyh
dr.sty
Package: fancyhdr 2022/11/09 v4.1 Extensive control of page headers and footers

\f@nch@headwidth=\skip55
\f@nch@O@elh=\skip56
\f@nch@O@erh=\skip57
\f@nch@O@olh=\skip58
\f@nch@O@orh=\skip59
\f@nch@O@elf=\skip60
\f@nch@O@erf=\skip61
\f@nch@O@olf=\skip62
\f@nch@O@orf=\skip63
)
(C:\Users\ewald_kynr3vr\AppData\Local\Programs\MiKTeX\tex/latex/lastpage\lastpa
ge.sty
Package: lastpage 2023/10/14 v2.0e lastpage: 2.09 or 2e? (HMM)

(C:\Users\ewald_kynr3vr\AppData\Local\Programs\MiKTeX\tex/latex/lastpage\lastpa
ge2e.sty
Package: lastpage2e 2023/10/14 v2.0e Decide which 2e lastpage version to use (H
MM)

(C:\Users\ewald_kynr3vr\AppData\Local\Programs\MiKTeX\tex/latex/lastpage\lastpa
gemodern.sty
Package: lastpagemodern 2023-10-14 v2.0e Refers to last page's name (HMM; JPG)
\c@lastpagecount=\count280
) 
)))
(C:\Users\ewald_kynr3vr\AppData\Local\Programs\MiKTeX\tex/latex/l3backend\l3bac
kend-pdftex.def
File: l3backend-pdftex.def 2024-03-14 L3 backend support: PDF output (pdfTeX)
\l__color_backend_stack_int=\count281
\l__pdf_internal_box=\box53
) (24.25_PR_PrName_Template_main_0.aux)
\openout1 = `24.25_PR_PrName_Template_main_0.aux'.

LaTeX Font Info:    Checking defaults for OML/cmm/m/it on input line 21.
LaTeX Font Info:    ... okay on input line 21.
LaTeX Font Info:    Checking defaults for OMS/cmsy/m/n on input line 21.
LaTeX Font Info:    ... okay on input line 21.
LaTeX Font Info:    Checking defaults for OT1/cmr/m/n on input line 21.
LaTeX Font Info:    ... okay on input line 21.
LaTeX Font Info:    Checking defaults for T1/cmr/m/n on input line 21.
LaTeX Font Info:    ... okay on input line 21.
LaTeX Font Info:    Checking defaults for TS1/cmr/m/n on input line 21.
LaTeX Font Info:    ... okay on input line 21.
LaTeX Font Info:    Checking defaults for OMX/cmex/m/n on input line 21.
LaTeX Font Info:    ... okay on input line 21.
LaTeX Font Info:    Checking defaults for U/cmr/m/n on input line 21.
LaTeX Font Info:    ... okay on input line 21.

(C:\Users\ewald_kynr3vr\AppData\Local\Programs\MiKTeX\tex/context/base/mkii\sup
p-pdf.mkii
[Loading MPS to PDF converter (version 2006.09.02).]
\scratchcounter=\count282
\scratchdimen=\dimen162
\scratchbox=\box54
\nofMPsegments=\count283
\nofMParguments=\count284
\everyMPshowfont=\toks26
\MPscratchCnt=\count285
\MPscratchDim=\dimen163
\MPnumerator=\count286
\makeMPintoPDFobject=\count287
\everyMPtoPDFconversion=\toks27
)
(C:\Users\ewald_kynr3vr\AppData\Local\Programs\MiKTeX\tex/latex/epstopdf-pkg\ep
stopdf-base.sty
Package: epstopdf-base 2020-01-24 v2.11 Base part for package epstopdf
Package epstopdf-base Info: Redefining graphics rule for `.eps' on input line 4
85.

(C:\Users\ewald_kynr3vr\AppData\Local\Programs\MiKTeX\tex/latex/00miktex\epstop
df-sys.cfg
File: epstopdf-sys.cfg 2021/03/18 v2.0 Configuration of epstopdf for MiKTeX
))
*geometry* driver: auto-detecting
*geometry* detected driver: pdftex
*geometry* verbose mode - [ preamble ] result:
* driver: pdftex
* paper: a4paper
* layout: <same size as paper>
* layoutoffset:(h,v)=(0.0pt,0.0pt)
* modes: includehead includefoot 
* h-part:(L,W,R)=(89.62709pt, 465.20166pt, 42.67912pt)
* v-part:(T,H,B)=(56.9055pt, 745.46222pt, 42.67912pt)
* \paperwidth=597.50787pt
* \paperheight=845.04684pt
* \textwidth=465.20166pt
* \textheight=678.46222pt
* \oddsidemargin=17.3571pt
* \evensidemargin=17.3571pt
* \topmargin=-15.36449pt
* \headheight=12.0pt
* \headsep=25.0pt
* \topskip=12.0pt
* \footskip=30.0pt
* \marginparwidth=35.0pt
* \marginparsep=10.0pt
* \columnsep=10.0pt
* \skip\footins=10.8pt plus 4.0pt minus 2.0pt
* \hoffset=0.0pt
* \voffset=0.0pt
* \mag=1000
* \@twocolumnfalse
* \@twosidefalse
* \@mparswitchfalse
* \@reversemarginfalse
* (1in=72.27pt=25.4mm, 1cm=28.453pt)

LaTeX Font Info:    Trying to load font information for U+msa on input line 42.


(C:\Users\ewald_kynr3vr\AppData\Local\Programs\MiKTeX\tex/latex/amsfonts\umsa.f
d
File: umsa.fd 2013/01/14 v3.01 AMS symbols A
)
LaTeX Font Info:    Trying to load font information for U+msb on input line 42.


(C:\Users\ewald_kynr3vr\AppData\Local\Programs\MiKTeX\tex/latex/amsfonts\umsb.f
d
File: umsb.fd 2013/01/14 v3.01 AMS symbols B
)
LaTeX Font Info:    Trying to load font information for U+rsfs on input line 42
.

(C:\Users\ewald_kynr3vr\AppData\Local\Programs\MiKTeX\tex/latex/jknappen\ursfs.
fd
File: ursfs.fd 1998/03/24 rsfs font definition file (jk)
)
<./../03_PICS/HTLlogo.png, id=1, 951.555pt x 423.08063pt>
File: ./../03_PICS/HTLlogo.png Graphic file (type png)
<use ./../03_PICS/HTLlogo.png>
Package pdftex.def Info: ./../03_PICS/HTLlogo.png  used on input line 42.
(pdftex.def)             Requested size: 108.12054pt x 48.069pt.

Overfull \hbox (8.26839pt too wide) in paragraph at lines 42--42
 [] 
 []

[1

{C:/Users/ewald_kynr3vr/AppData/Local/MiKTeX/fonts/map/pdftex/pdftex.map} <./..
/03_PICS/HTLlogo.png>] (24.25_PR_PrName_Template_main_0.toc)
\tf@toc=\write3
\openout3 = `24.25_PR_PrName_Template_main_0.toc'.

 [1

]
<./../03_PICS/schaltbild.png, id=12, 241.8636pt x 136.46985pt>
File: ./../03_PICS/schaltbild.png Graphic file (type png)
<use ./../03_PICS/schaltbild.png>
Package pdftex.def Info: ./../03_PICS/schaltbild.png  used on input line 66.
(pdftex.def)             Requested size: 139.5619pt x 78.74649pt.


pdfTeX warning: pdflatex.exe (file ./../03_PICS/Prot_A_Pic_02.pdf): PDF inclusi
on: found PDF version <1.7>, but at most version <1.5> allowed
<./../03_PICS/Prot_A_Pic_02.pdf, id=13, 349.90726pt x 190.5519pt>
File: ./../03_PICS/Prot_A_Pic_02.pdf Graphic file (type pdf)
<use ./../03_PICS/Prot_A_Pic_02.pdf>
Package pdftex.def Info: ./../03_PICS/Prot_A_Pic_02.pdf  used on input line 78.

(pdftex.def)             Requested size: 83.73444pt x 45.59962pt.

Underfull \hbox (badness 10000) in paragraph at lines 83--84

 []

[2

 <./../03_PICS/schaltbild.png (PNG copy)> <./../03_PICS/Prot_A_Pic_02.pdf>]

LaTeX Warning: Reference `fig:leistung' on page 3 undefined on input line 161.

[3]
<./../03_PICS/spannungstrom.png, id=35, 398.9304pt x 370.5042pt>
File: ./../03_PICS/spannungstrom.png Graphic file (type png)
<use ./../03_PICS/spannungstrom.png>
Package pdftex.def Info: ./../03_PICS/spannungstrom.png  used on input line 168
.
(pdftex.def)             Requested size: 398.92943pt x 370.50328pt.
<./../03_PICS/widerstand.png, id=36, 398.9304pt x 313.17pt>
File: ./../03_PICS/widerstand.png Graphic file (type png)
<use ./../03_PICS/widerstand.png>
Package pdftex.def Info: ./../03_PICS/widerstand.png  used on input line 177.
(pdftex.def)             Requested size: 398.92943pt x 313.16922pt.


LaTeX Warning: Reference `fig:leistung' on page 4 undefined on input line 201.


Underfull \hbox (badness 10000) in paragraph at lines 205--209

 []

[4 <./../03_PICS/spannungstrom.png (PNG copy)>]
(24.25_PR_PrName_Template_main_0.bbl) [5 <./../03_PICS/widerstand.png (PNG copy
)>] 
enddocument/afterlastpage: lastpage setting LastPage.
(24.25_PR_PrName_Template_main_0.aux)
 ***********
LaTeX2e <2023-11-01> patch level 1
L3 programming layer <2024-03-14>
 ***********


LaTeX Warning: There were undefined references.

 ) 
Here is how much of TeX's memory you used:
 4878 strings out of 474424
 82207 string characters out of 5737963
 1941496 words of memory out of 5000000
 27140 multiletter control sequences out of 15000+600000
 565679 words of font info for 65 fonts, out of 8000000 for 9000
 1141 hyphenation exceptions out of 8191
 85i,18n,79p,498b,442s stack positions out of 10000i,1000n,20000p,200000b,200000s
<C:/Users/ewald_kynr3vr/AppData/Local/Programs/MiKTeX/fonts/type1/public/amsf
onts/cm/cmbx12.pfb><C:/Users/ewald_kynr3vr/AppData/Local/Programs/MiKTeX/fonts/
type1/public/amsfonts/cm/cmmi12.pfb><C:/Users/ewald_kynr3vr/AppData/Local/Progr
ams/MiKTeX/fonts/type1/public/amsfonts/cm/cmmi8.pfb><C:/Users/ewald_kynr3vr/App
Data/Local/Programs/MiKTeX/fonts/type1/public/amsfonts/cm/cmr12.pfb><C:/Users/e
wald_kynr3vr/AppData/Local/Programs/MiKTeX/fonts/type1/public/amsfonts/cm/cmr17
.pfb><C:/Users/ewald_kynr3vr/AppData/Local/Programs/MiKTeX/fonts/type1/public/a
msfonts/cm/cmr8.pfb><C:/Users/ewald_kynr3vr/AppData/Local/Programs/MiKTeX/fonts
/type1/public/amsfonts/cm/cmsy10.pfb><C:/Users/ewald_kynr3vr/AppData/Local/Prog
rams/MiKTeX/fonts/type1/public/amsfonts/cm/cmsy8.pfb><C:/Users/ewald_kynr3vr/Ap
pData/Local/Programs/MiKTeX/fonts/type1/public/amsfonts/cm/cmti12.pfb>
Output written on 24.25_PR_PrName_Template_main_0.pdf (6 pages, 309897 bytes).
PDF statistics:
 81 PDF objects out of 1000 (max. 8388607)
 0 named destinations out of 1000 (max. 500000)
 26 words of extra memory for PDF output out of 10000 (max. 10000000)

