This is pdfTeX, Version 3.14159265-2.6-1.40.19 (MiKTeX 2.9.6730 64-bit) (preloaded format=latex 2019.1.23)  23 JAN 2019 14:07
entering extended mode
**./DA_Diplomand_1.tex
(DA_Diplomand_1.tex
LaTeX2e <2018-04-01> patch level 5

("C:\Users\TomRo\AppData\Local\Programs\MiKTeX 2.9\tex\latex\koma-script\scrart
cl.cls"
Document Class: scrartcl 2018/03/30 v3.25 KOMA-Script document class (article)

("C:\Users\TomRo\AppData\Local\Programs\MiKTeX 2.9\tex\latex\koma-script\scrkba
se.sty"
Package: scrkbase 2018/03/30 v3.25 KOMA-Script package (KOMA-Script-dependent b
asics and keyval usage)

("C:\Users\TomRo\AppData\Local\Programs\MiKTeX 2.9\tex\latex\koma-script\scrbas
e.sty"
Package: scrbase 2018/03/30 v3.25 KOMA-Script package (KOMA-Script-independent 
basics and keyval usage)

("C:\Users\TomRo\AppData\Local\Programs\MiKTeX 2.9\tex\latex\graphics\keyval.st
y"
Package: keyval 2014/10/28 v1.15 key=value parser (DPC)
\KV@toks@=\toks14
)
("C:\Users\TomRo\AppData\Local\Programs\MiKTeX 2.9\tex\latex\koma-script\scrlfi
le.sty"
Package: scrlfile 2018/03/30 v3.25 KOMA-Script package (loading files)
)))
("C:\Users\TomRo\AppData\Local\Programs\MiKTeX 2.9\tex\latex\koma-script\tocbas
ic.sty"
Package: tocbasic 2018/03/30 v3.25 KOMA-Script package (handling toc-files)
\scr@dte@tocline@numberwidth=\skip41
\scr@dte@tocline@numbox=\box26
)
Package tocbasic Info: omitting babel extension for `toc'
(tocbasic)             because of feature `nobabel' available
(tocbasic)             for `toc' on input line 134.
Package scrartcl Info: You've used standard option `12pt'.
(scrartcl)             This is correct!
(scrartcl)             Internally I'm using `fontsize=12pt'.
(scrartcl)             If you'd like to set the option with \KOMAoptions,
(scrartcl)             you'd have to use `fontsize=12pt' there
(scrartcl)             instead of `12pt', too.
Class scrartcl Info: File `scrsize12pt.clo' used to setup font sizes on input l
ine 2114.

("C:\Users\TomRo\AppData\Local\Programs\MiKTeX 2.9\tex\latex\koma-script\scrsiz
e12pt.clo"
File: scrsize12pt.clo 2018/03/30 v3.25 KOMA-Script font size class option (12pt
)
)
("C:\Users\TomRo\AppData\Local\Programs\MiKTeX 2.9\tex\latex\koma-script\typear
ea.sty"
Package: typearea 2018/03/30 v3.25 KOMA-Script package (type area)
\ta@bcor=\skip42
\ta@div=\count80
Package typearea Info: You've used standard option `a4paper'.
(typearea)             This is correct!
(typearea)             Internally I'm using `paper=a4'.
(typearea)             If you'd like to set the option with \KOMAoptions,
(typearea)             you'd have to use `paper=a4' there
(typearea)             instead of `a4paper', too.
\ta@hblk=\skip43
\ta@vblk=\skip44
\ta@temp=\skip45
\footheight=\skip46
Package typearea Info: These are the values describing the layout:
(typearea)             DIV  = 12
(typearea)             BCOR = 0.0pt
(typearea)             \paperwidth      = 597.50793pt
(typearea)              \textwidth      = 448.13095pt
(typearea)              DIV departure   = -6%
(typearea)              \evensidemargin = 2.4185pt
(typearea)              \oddsidemargin  = 2.4185pt
(typearea)             \paperheight     = 845.04694pt
(typearea)              \textheight     = 635.5pt
(typearea)              \topmargin      = -41.72441pt
(typearea)              \headheight     = 18.125pt
(typearea)              \headsep        = 21.75pt
(typearea)              \topskip        = 12.0pt
(typearea)              \footskip       = 50.75pt
(typearea)              \baselineskip   = 14.5pt
(typearea)              on input line 1706.
)
\c@part=\count81
\c@section=\count82
\c@subsection=\count83
\c@subsubsection=\count84
\c@paragraph=\count85
\c@subparagraph=\count86
\scr@dte@part@maxnumwidth=\skip47
\scr@dte@section@maxnumwidth=\skip48
\scr@dte@subsection@maxnumwidth=\skip49
\scr@dte@subsubsection@maxnumwidth=\skip50
\scr@dte@paragraph@maxnumwidth=\skip51
\scr@dte@subparagraph@maxnumwidth=\skip52
\abovecaptionskip=\skip53
\belowcaptionskip=\skip54
\c@pti@nb@sid@b@x=\box27
\scr@dte@figure@maxnumwidth=\skip55
Package tocbasic Info: omitting babel extension for `lof'
(tocbasic)             because of feature `nobabel' available
(tocbasic)             for `lof' on input line 5439.
\c@figure=\count87
\scr@dte@table@maxnumwidth=\skip56
Package tocbasic Info: omitting babel extension for `lot'
(tocbasic)             because of feature `nobabel' available
(tocbasic)             for `lot' on input line 5451.
\c@table=\count88
Class scrartcl Info: Redefining `\numberline' on input line 5615.
\bibindent=\dimen102
) (../00_LATdef/UsePackages.tex
("C:\Users\TomRo\AppData\Local\Programs\MiKTeX 2.9\tex\generic\babel\babel.sty"
Package: babel 2018/06/05 3.22 The Babel package
("C:\Users\TomRo\AppData\Local\Programs\MiKTeX 2.9\tex\generic\babel\switch.def
"
File: switch.def 2018/06/05 3.22 Babel switching mechanism
)
*************************************
* Local config file bblopts.cfg used
*
("C:\Users\TomRo\AppData\Local\Programs\MiKTeX 2.9\tex\latex\arabi\bblopts.cfg"
File: bblopts.cfg 2005/09/08 v0.1 add Arabic and Farsi to "declared" options of
 babel
)
("C:\Users\TomRo\AppData\Local\Programs\MiKTeX 2.9\tex\latex\babel-german\ngerm
an.ldf"
Language: ngerman 2018/03/29 v2.10 German support for babel (post-1996 orthogra
phy)

("C:\Users\TomRo\AppData\Local\Programs\MiKTeX 2.9\tex\latex\babel-german\ngerm
anb.ldf"
Language: ngermanb 2018/03/29 v2.10 German support for babel (post-1996 orthogr
aphy)

("C:\Users\TomRo\AppData\Local\Programs\MiKTeX 2.9\tex\generic\babel\babel.def"
File: babel.def 2018/06/05 3.22 Babel common definitions
\babel@savecnt=\count89
\U@D=\dimen103

("C:\Users\TomRo\AppData\Local\Programs\MiKTeX 2.9\tex\generic\babel\txtbabel.d
ef")
\bbl@dirlevel=\count90
)
Package babel Info: Making " an active character on input line 121.
)))
("C:\Users\TomRo\AppData\Local\Programs\MiKTeX 2.9\tex\latex\setspace\setspace.
sty"
Package: setspace 2011/12/19 v6.7a set line spacing
)

Class scrartcl Warning: Usage of package `fancyhdr' together
(scrartcl)              with a KOMA-Script class is not recommended.
(scrartcl)              I'd suggest to use 
(scrartcl)              package `scrlayer' or `scrlayer-scrpage', because
(scrartcl)              they support KOMA-Script classes.
(scrartcl)              With `fancyhdr' several features of class `scrartcl'
(scrartcl)              like options `headsepline', `footsepline' or command
(scrartcl)              `\MakeMarkcase' and the commands `\setkomafont' and
(scrartcl)              `\addtokomafont' for the page style elements need
(scrartcl)              explicite user intervention to work.
(scrartcl)              Nevertheless, using requested
(scrartcl)              package `fancyhdr' on input line 4.


("C:\Users\TomRo\AppData\Local\Programs\MiKTeX 2.9\tex\latex\fancyhdr\fancyhdr.
sty"
Package: fancyhdr 2017/06/30 v3.9a Extensive control of page headers and footer
s
\f@nch@headwidth=\skip57
\f@nch@O@elh=\skip58
\f@nch@O@erh=\skip59
\f@nch@O@olh=\skip60
\f@nch@O@orh=\skip61
\f@nch@O@elf=\skip62
\f@nch@O@erf=\skip63
\f@nch@O@olf=\skip64
\f@nch@O@orf=\skip65
)
("C:\Users\TomRo\AppData\Local\Programs\MiKTeX 2.9\tex\latex\xcolor\xcolor.sty"
Package: xcolor 2016/05/11 v2.12 LaTeX color extensions (UK)

("C:\Users\TomRo\AppData\Local\Programs\MiKTeX 2.9\tex\latex\graphics-cfg\color
.cfg"
File: color.cfg 2016/01/02 v1.6 sample color configuration
)
Package xcolor Info: Package option `usenames' ignored on input line 216.
Package xcolor Info: Package option `ps2pdf' ignored on input line 216.
Package xcolor Info: Driver file: dvips.def on input line 225.

("C:\Users\TomRo\AppData\Local\Programs\MiKTeX 2.9\tex\latex\graphics-def\dvips
.def"
File: dvips.def 2017/06/20 v3.1d Graphics/color driver for dvips
)
("C:\Users\TomRo\AppData\Local\Programs\MiKTeX 2.9\tex\latex\colortbl\colortbl.
sty"
Package: colortbl 2018/12/12 v1.0d Color table columns (DPC)

("C:\Users\TomRo\AppData\Local\Programs\MiKTeX 2.9\tex\latex\tools\array.sty"
Package: array 2018/04/30 v2.4h Tabular extension package (FMi)
\col@sep=\dimen104
\ar@mcellbox=\box28
\extrarowheight=\dimen105
\NC@list=\toks15
\extratabsurround=\skip66
\backup@length=\skip67
\ar@cellbox=\box29
)
\everycr=\toks16
\minrowclearance=\skip68
)
\rownum=\count91
Package xcolor Info: Model `cmy' substituted by `cmy0' on input line 1348.
Package xcolor Info: Model `RGB' extended on input line 1364.
Package xcolor Info: Model `HTML' substituted by `rgb' on input line 1366.
Package xcolor Info: Model `Hsb' substituted by `hsb' on input line 1367.
Package xcolor Info: Model `tHsb' substituted by `hsb' on input line 1368.
Package xcolor Info: Model `HSB' substituted by `hsb' on input line 1369.
Package xcolor Info: Model `Gray' substituted by `gray' on input line 1370.
Package xcolor Info: Model `wave' substituted by `hsb' on input line 1371.

("C:\Users\TomRo\AppData\Local\Programs\MiKTeX 2.9\tex\latex\graphics\dvipsnam.
def"
File: dvipsnam.def 2016/06/17 v3.0m Driver-dependent file (DPC,SPQR)
)
("C:\Users\TomRo\AppData\Local\Programs\MiKTeX 2.9\tex\latex\xcolor\svgnam.def"
File: svgnam.def 2016/05/11 v2.12 Predefined colors according to SVG 1.1 (UK)
))
("C:\Users\TomRo\AppData\Local\Programs\MiKTeX 2.9\tex\latex\base\inputenc.sty"
Package: inputenc 2018/04/06 v1.3b Input encoding file
\inpenc@prehook=\toks17
\inpenc@posthook=\toks18
("C:\Users\TomRo\AppData\Local\Programs\MiKTeX 2.9\tex\latex\ucs\utf8x.def"
File: utf8x.def 2004/10/17 UCS: Input encoding UTF-8
))
("C:\Users\TomRo\AppData\Local\Programs\MiKTeX 2.9\tex\latex\ucs\ucs.sty"
Package: ucs 2013/05/11 v2.2 UCS: Unicode input support

("C:\Users\TomRo\AppData\Local\Programs\MiKTeX 2.9\tex\latex\ucs\uni-global.def
"
File: uni-global.def 2013/05/13 UCS: Unicode global data
)
\uc@secondtry=\count92
\uc@combtoks=\toks19
\uc@combtoksb=\toks20
\uc@temptokena=\toks21
)
("C:\Users\TomRo\AppData\Local\Programs\MiKTeX 2.9\tex\latex\wrapfig\wrapfig.st
y"
\wrapoverhang=\dimen106
\WF@size=\dimen107
\c@WF@wrappedlines=\count93
\WF@box=\box30
\WF@everypar=\toks22
Package: wrapfig 2003/01/31  v 3.6
)
("C:\Users\TomRo\AppData\Local\Programs\MiKTeX 2.9\tex\latex\acronym\acronym.st
y"
Package: acronym 2015/03/21 v1.41 Support for acronyms (Tobias Oetiker)

("C:\Users\TomRo\AppData\Local\Programs\MiKTeX 2.9\tex\latex\bigfoot\suffix.sty
"
Package: suffix 2006/07/15 1.5a Variant command support
)
("C:\Users\TomRo\AppData\Local\Programs\MiKTeX 2.9\tex\latex\xstring\xstring.st
y"
("C:\Users\TomRo\AppData\Local\Programs\MiKTeX 2.9\tex\generic\xstring\xstring.
tex"
\integerpart=\count94
\decimalpart=\count95
)
Package: xstring 2018/12/09 v1.81 String manipulations (CT)
)
\AC@clearlist=\toks23
)
("C:\Users\TomRo\AppData\Local\Programs\MiKTeX 2.9\tex\latex\base\ifthen.sty"
Package: ifthen 2014/09/29 v1.1c Standard LaTeX ifthen package (DPC)
)
("C:\Users\TomRo\AppData\Local\Programs\MiKTeX 2.9\tex\latex\lastpage\lastpage.
sty"
Package: lastpage 2015/03/29 v1.2m Refers to last page's name (HMM; JPG)
)
("C:\Users\TomRo\AppData\Local\Programs\MiKTeX 2.9\tex\latex\currfile\currfile.
sty"
Package: currfile 2015/04/23 v0.7c Provides the file path elements of the curre
nt input file

("C:\Users\TomRo\AppData\Local\Programs\MiKTeX 2.9\tex\latex\oberdiek\kvoptions
.sty"
Package: kvoptions 2016/05/16 v3.12 Key value format for package options (HO)

("C:\Users\TomRo\AppData\Local\Programs\MiKTeX 2.9\tex\generic\oberdiek\ltxcmds
.sty"
Package: ltxcmds 2016/05/16 v1.23 LaTeX kernel commands for general use (HO)
)
("C:\Users\TomRo\AppData\Local\Programs\MiKTeX 2.9\tex\generic\oberdiek\kvsetke
ys.sty"
Package: kvsetkeys 2016/05/16 v1.17 Key value parser (HO)

("C:\Users\TomRo\AppData\Local\Programs\MiKTeX 2.9\tex\generic\oberdiek\infware
rr.sty"
Package: infwarerr 2016/05/16 v1.4 Providing info/warning/error messages (HO)
)
("C:\Users\TomRo\AppData\Local\Programs\MiKTeX 2.9\tex\generic\oberdiek\etexcmd
s.sty"
Package: etexcmds 2016/05/16 v1.6 Avoid name clashes with e-TeX commands (HO)

("C:\Users\TomRo\AppData\Local\Programs\MiKTeX 2.9\tex\generic\oberdiek\ifluate
x.sty"
Package: ifluatex 2016/05/16 v1.4 Provides the ifluatex switch (HO)
Package ifluatex Info: LuaTeX not detected.
)
Package etexcmds Info: Could not find \expanded.
(etexcmds)             That can mean that you are not using pdfTeX 1.50 or
(etexcmds)             that some package has redefined \expanded.
(etexcmds)             In the latter case, load this package earlier.
)))
("C:\Users\TomRo\AppData\Local\Programs\MiKTeX 2.9\tex\latex\filehook\filehook.
sty"
Package: filehook 2011/10/12 v0.5d Hooks for input files

("C:\Users\TomRo\AppData\Local\Programs\MiKTeX 2.9\tex\latex\filehook\filehook-
scrlfile.sty"
Package: filehook-scrlfile 2011/01/03 v0.1 filehook patch for scrlfile package
Package filehook Info: Package 'scrlfile' detected and compensated for on input
 line 102.
))
\c@currfiledepth=\count96
)
("C:\Users\TomRo\AppData\Local\Programs\MiKTeX 2.9\tex\latex\caption\caption.st
y"
Package: caption 2018/10/06 v3.3-154 Customizing captions (AR)

("C:\Users\TomRo\AppData\Local\Programs\MiKTeX 2.9\tex\latex\caption\caption3.s
ty"
Package: caption3 2018/09/12 v1.8c caption3 kernel (AR)
Package caption3 Info: TeX engine: e-TeX on input line 64.
\captionmargin=\dimen108
\captionmargin@=\dimen109
\captionwidth=\dimen110
\caption@tempdima=\dimen111
\caption@indent=\dimen112
\caption@parindent=\dimen113
\caption@hangindent=\dimen114
)
Package caption Info: KOMA-Script document class.
\c@caption@flags=\count97
\c@ContinuedFloat=\count98
Package caption Info: wrapfig package is loaded.
)
("C:\Users\TomRo\AppData\Local\Programs\MiKTeX 2.9\tex\latex\sidecap\sidecap.st
y"
Package: sidecap 2003/06/06 v1.6f SideCap Package (RN/HjG)
\SC@BOXWD=\dimen115
\SC@CAPWD=\dimen116
\SC@tempdima=\dimen117
\SC@tempdimb=\dimen118
\c@SC@C=\count99
\SC@BOX=\box31
)
("C:\Users\TomRo\AppData\Local\Programs\MiKTeX 2.9\tex\latex\caption\subcaption
.sty"
Package: subcaption 2018/05/01 v1.1-162 Sub-captions (AR)
\c@subfigure=\count100
\c@subtable=\count101
)
("C:\Users\TomRo\AppData\Local\Programs\MiKTeX 2.9\tex\latex\pgf\frontendlayer\
tikz.sty"
("C:\Users\TomRo\AppData\Local\Programs\MiKTeX 2.9\tex\latex\pgf\basiclayer\pgf
.sty"
("C:\Users\TomRo\AppData\Local\Programs\MiKTeX 2.9\tex\latex\pgf\utilities\pgfr
cs.sty"
("C:\Users\TomRo\AppData\Local\Programs\MiKTeX 2.9\tex\generic\pgf\utilities\pg
futil-common.tex"
\pgfutil@everybye=\toks24
\pgfutil@tempdima=\dimen119
\pgfutil@tempdimb=\dimen120

("C:\Users\TomRo\AppData\Local\Programs\MiKTeX 2.9\tex\generic\pgf\utilities\pg
futil-common-lists.tex"))
("C:\Users\TomRo\AppData\Local\Programs\MiKTeX 2.9\tex\generic\pgf\utilities\pg
futil-latex.def"
\pgfutil@abb=\box32

("C:\Users\TomRo\AppData\Local\Programs\MiKTeX 2.9\tex\latex\ms\everyshi.sty"
Package: everyshi 2001/05/15 v3.00 EveryShipout Package (MS)
))
("C:\Users\TomRo\AppData\Local\Programs\MiKTeX 2.9\tex\generic\pgf\utilities\pg
frcs.code.tex"
("C:\Users\TomRo\AppData\Local\Programs\MiKTeX 2.9\tex\generic\pgf\pgf.revision
.tex")
Package: pgfrcs 2019/01/05 v3.1 (3.1)
))
Package: pgf 2019/01/05 v3.1 (3.1)

("C:\Users\TomRo\AppData\Local\Programs\MiKTeX 2.9\tex\latex\pgf\basiclayer\pgf
core.sty"
("C:\Users\TomRo\AppData\Local\Programs\MiKTeX 2.9\tex\latex\graphics\graphicx.
sty"
Package: graphicx 2017/06/01 v1.1a Enhanced LaTeX Graphics (DPC,SPQR)

("C:\Users\TomRo\AppData\Local\Programs\MiKTeX 2.9\tex\latex\graphics\graphics.
sty"
Package: graphics 2017/06/25 v1.2c Standard LaTeX Graphics (DPC,SPQR)

("C:\Users\TomRo\AppData\Local\Programs\MiKTeX 2.9\tex\latex\graphics\trig.sty"
Package: trig 2016/01/03 v1.10 sin cos tan (DPC)
)
("C:\Users\TomRo\AppData\Local\Programs\MiKTeX 2.9\tex\latex\graphics-cfg\graph
ics.cfg"
File: graphics.cfg 2016/06/04 v1.11 sample graphics configuration
)
Package graphics Info: Driver file: dvips.def on input line 99.
)
\Gin@req@height=\dimen121
\Gin@req@width=\dimen122
)
("C:\Users\TomRo\AppData\Local\Programs\MiKTeX 2.9\tex\latex\pgf\systemlayer\pg
fsys.sty"
("C:\Users\TomRo\AppData\Local\Programs\MiKTeX 2.9\tex\generic\pgf\systemlayer\
pgfsys.code.tex"
Package: pgfsys 2019/01/05 v3.1 (3.1)

("C:\Users\TomRo\AppData\Local\Programs\MiKTeX 2.9\tex\generic\pgf\utilities\pg
fkeys.code.tex"
\pgfkeys@pathtoks=\toks25
\pgfkeys@temptoks=\toks26

("C:\Users\TomRo\AppData\Local\Programs\MiKTeX 2.9\tex\generic\pgf\utilities\pg
fkeysfiltered.code.tex"
\pgfkeys@tmptoks=\toks27
))
\pgf@x=\dimen123
\pgf@y=\dimen124
\pgf@xa=\dimen125
\pgf@ya=\dimen126
\pgf@xb=\dimen127
\pgf@yb=\dimen128
\pgf@xc=\dimen129
\pgf@yc=\dimen130
\w@pgf@writea=\write3
\r@pgf@reada=\read1
\c@pgf@counta=\count102
\c@pgf@countb=\count103
\c@pgf@countc=\count104
\c@pgf@countd=\count105
\t@pgf@toka=\toks28
\t@pgf@tokb=\toks29
\t@pgf@tokc=\toks30
\pgf@sys@id@count=\count106

("C:\Users\TomRo\AppData\Local\Programs\MiKTeX 2.9\tex\generic\pgf\systemlayer\
pgf.cfg"
File: pgf.cfg 2019/01/05 v3.1 (3.1)
)
Driver file for pgf: pgfsys-dvips.def

("C:\Users\TomRo\AppData\Local\Programs\MiKTeX 2.9\tex\generic\pgf\systemlayer\
pgfsys-dvips.def"
File: pgfsys-dvips.def 2019/01/05 v3.1 (3.1)

("C:\Users\TomRo\AppData\Local\Programs\MiKTeX 2.9\tex\generic\pgf\systemlayer\
pgfsys-common-postscript.def"
File: pgfsys-common-postscript.def 2019/01/05 v3.1 (3.1)
\pgf@objectcount=\count107
)))
("C:\Users\TomRo\AppData\Local\Programs\MiKTeX 2.9\tex\generic\pgf\systemlayer\
pgfsyssoftpath.code.tex"
File: pgfsyssoftpath.code.tex 2019/01/05 v3.1 (3.1)
\pgfsyssoftpath@smallbuffer@items=\count108
\pgfsyssoftpath@bigbuffer@items=\count109
)
("C:\Users\TomRo\AppData\Local\Programs\MiKTeX 2.9\tex\generic\pgf\systemlayer\
pgfsysprotocol.code.tex"
File: pgfsysprotocol.code.tex 2019/01/05 v3.1 (3.1)
))
("C:\Users\TomRo\AppData\Local\Programs\MiKTeX 2.9\tex\generic\pgf\basiclayer\p
gfcore.code.tex"
Package: pgfcore 2019/01/05 v3.1 (3.1)

("C:\Users\TomRo\AppData\Local\Programs\MiKTeX 2.9\tex\generic\pgf\math\pgfmath
.code.tex"
("C:\Users\TomRo\AppData\Local\Programs\MiKTeX 2.9\tex\generic\pgf\math\pgfmath
calc.code.tex"
("C:\Users\TomRo\AppData\Local\Programs\MiKTeX 2.9\tex\generic\pgf\math\pgfmath
util.code.tex")
("C:\Users\TomRo\AppData\Local\Programs\MiKTeX 2.9\tex\generic\pgf\math\pgfmath
parser.code.tex"
\pgfmath@dimen=\dimen131
\pgfmath@count=\count110
\pgfmath@box=\box33
\pgfmath@toks=\toks31
\pgfmath@stack@operand=\toks32
\pgfmath@stack@operation=\toks33
)
("C:\Users\TomRo\AppData\Local\Programs\MiKTeX 2.9\tex\generic\pgf\math\pgfmath
functions.code.tex"
("C:\Users\TomRo\AppData\Local\Programs\MiKTeX 2.9\tex\generic\pgf\math\pgfmath
functions.basic.code.tex")
("C:\Users\TomRo\AppData\Local\Programs\MiKTeX 2.9\tex\generic\pgf\math\pgfmath
functions.trigonometric.code.tex")
("C:\Users\TomRo\AppData\Local\Programs\MiKTeX 2.9\tex\generic\pgf\math\pgfmath
functions.random.code.tex")
("C:\Users\TomRo\AppData\Local\Programs\MiKTeX 2.9\tex\generic\pgf\math\pgfmath
functions.comparison.code.tex")
("C:\Users\TomRo\AppData\Local\Programs\MiKTeX 2.9\tex\generic\pgf\math\pgfmath
functions.base.code.tex")
("C:\Users\TomRo\AppData\Local\Programs\MiKTeX 2.9\tex\generic\pgf\math\pgfmath
functions.round.code.tex")
("C:\Users\TomRo\AppData\Local\Programs\MiKTeX 2.9\tex\generic\pgf\math\pgfmath
functions.misc.code.tex")
("C:\Users\TomRo\AppData\Local\Programs\MiKTeX 2.9\tex\generic\pgf\math\pgfmath
functions.integerarithmetics.code.tex")))
("C:\Users\TomRo\AppData\Local\Programs\MiKTeX 2.9\tex\generic\pgf\math\pgfmath
float.code.tex"
\c@pgfmathroundto@lastzeros=\count111
))
("C:\Users\TomRo\AppData\Local\Programs\MiKTeX 2.9\tex\generic\pgf\basiclayer\p
gfcorepoints.code.tex"
File: pgfcorepoints.code.tex 2019/01/05 v3.1 (3.1)
\pgf@picminx=\dimen132
\pgf@picmaxx=\dimen133
\pgf@picminy=\dimen134
\pgf@picmaxy=\dimen135
\pgf@pathminx=\dimen136
\pgf@pathmaxx=\dimen137
\pgf@pathminy=\dimen138
\pgf@pathmaxy=\dimen139
\pgf@xx=\dimen140
\pgf@xy=\dimen141
\pgf@yx=\dimen142
\pgf@yy=\dimen143
\pgf@zx=\dimen144
\pgf@zy=\dimen145
)
("C:\Users\TomRo\AppData\Local\Programs\MiKTeX 2.9\tex\generic\pgf\basiclayer\p
gfcorepathconstruct.code.tex"
File: pgfcorepathconstruct.code.tex 2019/01/05 v3.1 (3.1)
\pgf@path@lastx=\dimen146
\pgf@path@lasty=\dimen147
)
("C:\Users\TomRo\AppData\Local\Programs\MiKTeX 2.9\tex\generic\pgf\basiclayer\p
gfcorepathusage.code.tex"
File: pgfcorepathusage.code.tex 2019/01/05 v3.1 (3.1)
\pgf@shorten@end@additional=\dimen148
\pgf@shorten@start@additional=\dimen149
)
("C:\Users\TomRo\AppData\Local\Programs\MiKTeX 2.9\tex\generic\pgf\basiclayer\p
gfcorescopes.code.tex"
File: pgfcorescopes.code.tex 2019/01/05 v3.1 (3.1)
\pgfpic=\box34
\pgf@hbox=\box35
\pgf@layerbox@main=\box36
\pgf@picture@serial@count=\count112
)
("C:\Users\TomRo\AppData\Local\Programs\MiKTeX 2.9\tex\generic\pgf\basiclayer\p
gfcoregraphicstate.code.tex"
File: pgfcoregraphicstate.code.tex 2019/01/05 v3.1 (3.1)
\pgflinewidth=\dimen150
)
("C:\Users\TomRo\AppData\Local\Programs\MiKTeX 2.9\tex\generic\pgf\basiclayer\p
gfcoretransformations.code.tex"
File: pgfcoretransformations.code.tex 2019/01/05 v3.1 (3.1)
\pgf@pt@x=\dimen151
\pgf@pt@y=\dimen152
\pgf@pt@temp=\dimen153
)
("C:\Users\TomRo\AppData\Local\Programs\MiKTeX 2.9\tex\generic\pgf\basiclayer\p
gfcorequick.code.tex"
File: pgfcorequick.code.tex 2019/01/05 v3.1 (3.1)
)
("C:\Users\TomRo\AppData\Local\Programs\MiKTeX 2.9\tex\generic\pgf\basiclayer\p
gfcoreobjects.code.tex"
File: pgfcoreobjects.code.tex 2019/01/05 v3.1 (3.1)
)
("C:\Users\TomRo\AppData\Local\Programs\MiKTeX 2.9\tex\generic\pgf\basiclayer\p
gfcorepathprocessing.code.tex"
File: pgfcorepathprocessing.code.tex 2019/01/05 v3.1 (3.1)
)
("C:\Users\TomRo\AppData\Local\Programs\MiKTeX 2.9\tex\generic\pgf\basiclayer\p
gfcorearrows.code.tex"
File: pgfcorearrows.code.tex 2019/01/05 v3.1 (3.1)
\pgfarrowsep=\dimen154
)
("C:\Users\TomRo\AppData\Local\Programs\MiKTeX 2.9\tex\generic\pgf\basiclayer\p
gfcoreshade.code.tex"
File: pgfcoreshade.code.tex 2019/01/05 v3.1 (3.1)
\pgf@max=\dimen155
\pgf@sys@shading@range@num=\count113
)
("C:\Users\TomRo\AppData\Local\Programs\MiKTeX 2.9\tex\generic\pgf\basiclayer\p
gfcoreimage.code.tex"
File: pgfcoreimage.code.tex 2019/01/05 v3.1 (3.1)

("C:\Users\TomRo\AppData\Local\Programs\MiKTeX 2.9\tex\generic\pgf\basiclayer\p
gfcoreexternal.code.tex"
File: pgfcoreexternal.code.tex 2019/01/05 v3.1 (3.1)
\pgfexternal@startupbox=\box37
))
("C:\Users\TomRo\AppData\Local\Programs\MiKTeX 2.9\tex\generic\pgf\basiclayer\p
gfcorelayers.code.tex"
File: pgfcorelayers.code.tex 2019/01/05 v3.1 (3.1)
)
("C:\Users\TomRo\AppData\Local\Programs\MiKTeX 2.9\tex\generic\pgf\basiclayer\p
gfcoretransparency.code.tex"
File: pgfcoretransparency.code.tex 2019/01/05 v3.1 (3.1)
)
("C:\Users\TomRo\AppData\Local\Programs\MiKTeX 2.9\tex\generic\pgf\basiclayer\p
gfcorepatterns.code.tex"
File: pgfcorepatterns.code.tex 2019/01/05 v3.1 (3.1)
)
("C:\Users\TomRo\AppData\Local\Programs\MiKTeX 2.9\tex\generic\pgf\basiclayer\p
gfcorerdf.code.tex"
File: pgfcorerdf.code.tex 2019/01/05 v3.1 (3.1)
)))
("C:\Users\TomRo\AppData\Local\Programs\MiKTeX 2.9\tex\generic\pgf\modules\pgfm
oduleshapes.code.tex"
File: pgfmoduleshapes.code.tex 2019/01/05 v3.1 (3.1)
\pgfnodeparttextbox=\box38
)
("C:\Users\TomRo\AppData\Local\Programs\MiKTeX 2.9\tex\generic\pgf\modules\pgfm
oduleplot.code.tex"
File: pgfmoduleplot.code.tex 2019/01/05 v3.1 (3.1)
)
("C:\Users\TomRo\AppData\Local\Programs\MiKTeX 2.9\tex\latex\pgf\compatibility\
pgfcomp-version-0-65.sty"
Package: pgfcomp-version-0-65 2019/01/05 v3.1 (3.1)
\pgf@nodesepstart=\dimen156
\pgf@nodesepend=\dimen157
)
("C:\Users\TomRo\AppData\Local\Programs\MiKTeX 2.9\tex\latex\pgf\compatibility\
pgfcomp-version-1-18.sty"
Package: pgfcomp-version-1-18 2019/01/05 v3.1 (3.1)
))
("C:\Users\TomRo\AppData\Local\Programs\MiKTeX 2.9\tex\latex\pgf\utilities\pgff
or.sty"
("C:\Users\TomRo\AppData\Local\Programs\MiKTeX 2.9\tex\latex\pgf\utilities\pgfk
eys.sty"
("C:\Users\TomRo\AppData\Local\Programs\MiKTeX 2.9\tex\generic\pgf\utilities\pg
fkeys.code.tex"))
("C:\Users\TomRo\AppData\Local\Programs\MiKTeX 2.9\tex\latex\pgf\math\pgfmath.s
ty"
("C:\Users\TomRo\AppData\Local\Programs\MiKTeX 2.9\tex\generic\pgf\math\pgfmath
.code.tex"))
("C:\Users\TomRo\AppData\Local\Programs\MiKTeX 2.9\tex\generic\pgf\utilities\pg
ffor.code.tex"
Package: pgffor 2019/01/05 v3.1 (3.1)

("C:\Users\TomRo\AppData\Local\Programs\MiKTeX 2.9\tex\generic\pgf\math\pgfmath
.code.tex")
\pgffor@iter=\dimen158
\pgffor@skip=\dimen159
\pgffor@stack=\toks34
\pgffor@toks=\toks35
))
("C:\Users\TomRo\AppData\Local\Programs\MiKTeX 2.9\tex\generic\pgf\frontendlaye
r\tikz\tikz.code.tex"
Package: tikz 2019/01/05 v3.1 (3.1)

("C:\Users\TomRo\AppData\Local\Programs\MiKTeX 2.9\tex\generic\pgf\libraries\pg
flibraryplothandlers.code.tex"
File: pgflibraryplothandlers.code.tex 2019/01/05 v3.1 (3.1)
\pgf@plot@mark@count=\count114
\pgfplotmarksize=\dimen160
)
\tikz@lastx=\dimen161
\tikz@lasty=\dimen162
\tikz@lastxsaved=\dimen163
\tikz@lastysaved=\dimen164
\tikzleveldistance=\dimen165
\tikzsiblingdistance=\dimen166
\tikz@figbox=\box39
\tikz@figbox@bg=\box40
\tikz@tempbox=\box41
\tikz@tempbox@bg=\box42
\tikztreelevel=\count115
\tikznumberofchildren=\count116
\tikznumberofcurrentchild=\count117
\tikz@fig@count=\count118

("C:\Users\TomRo\AppData\Local\Programs\MiKTeX 2.9\tex\generic\pgf\modules\pgfm
odulematrix.code.tex"
File: pgfmodulematrix.code.tex 2019/01/05 v3.1 (3.1)
\pgfmatrixcurrentrow=\count119
\pgfmatrixcurrentcolumn=\count120
\pgf@matrix@numberofcolumns=\count121
)
\tikz@expandcount=\count122

("C:\Users\TomRo\AppData\Local\Programs\MiKTeX 2.9\tex\generic\pgf\frontendlaye
r\tikz\libraries\tikzlibrarytopaths.code.tex"
File: tikzlibrarytopaths.code.tex 2019/01/05 v3.1 (3.1)
)))
("C:\Users\TomRo\AppData\Local\Programs\MiKTeX 2.9\tex\latex\tools\calc.sty"
Package: calc 2017/05/25 v4.3 Infix arithmetic (KKT,FJ)
\calc@Acount=\count123
\calc@Bcount=\count124
\calc@Adimen=\dimen167
\calc@Bdimen=\dimen168
\calc@Askip=\skip69
\calc@Bskip=\skip70
LaTeX Info: Redefining \setlength on input line 80.
LaTeX Info: Redefining \addtolength on input line 81.
\calc@Ccount=\count125
\calc@Cskip=\skip71
)
("C:\Users\TomRo\AppData\Local\Programs\MiKTeX 2.9\tex\latex\multirow\multirow.
sty"
Package: multirow 2016/11/25 v2.2 Span multiple rows of a table
\multirow@colwidth=\skip72
\multirow@cntb=\count126
\multirow@dima=\skip73
\bigstrutjot=\dimen169
)
("C:\Users\TomRo\AppData\Local\Programs\MiKTeX 2.9\tex\latex\tools\longtable.st
y"
Package: longtable 2014/10/28 v4.11 Multi-page Table package (DPC)
\LTleft=\skip74
\LTright=\skip75
\LTpre=\skip76
\LTpost=\skip77
\LTchunksize=\count127
\LTcapwidth=\dimen170
\LT@head=\box43
\LT@firsthead=\box44
\LT@foot=\box45
\LT@lastfoot=\box46
\LT@cols=\count128
\LT@rows=\count129
\c@LT@tables=\count130
\c@LT@chunks=\count131
\LT@p@ftn=\toks36
)
Class scrartcl Info: longtable captions redefined on input line 20.

("C:\Users\TomRo\AppData\Local\Programs\MiKTeX 2.9\tex\latex\amscls\amsthm.sty"
Package: amsthm 2017/10/31 v2.20.4
\thm@style=\toks37
\thm@bodyfont=\toks38
\thm@headfont=\toks39
\thm@notefont=\toks40
\thm@headpunct=\toks41
\thm@preskip=\skip78
\thm@postskip=\skip79
\thm@headsep=\skip80
\dth@everypar=\toks42
)
("C:\Users\TomRo\AppData\Local\Programs\MiKTeX 2.9\tex\latex\amsmath\amsbsy.sty
"
Package: amsbsy 1999/11/29 v1.2d Bold Symbols

("C:\Users\TomRo\AppData\Local\Programs\MiKTeX 2.9\tex\latex\amsmath\amsgen.sty
"
File: amsgen.sty 1999/11/30 v2.0 generic functions
\@emptytoks=\toks43
\ex@=\dimen171
)
\pmbraise@=\dimen172
)
("C:\Users\TomRo\AppData\Local\Programs\MiKTeX 2.9\tex\latex\amsfonts\amssymb.s
ty"
Package: amssymb 2013/01/14 v3.01 AMS font symbols

("C:\Users\TomRo\AppData\Local\Programs\MiKTeX 2.9\tex\latex\amsfonts\amsfonts.
sty"
Package: amsfonts 2013/01/14 v3.01 Basic AMSFonts support
\symAMSa=\mathgroup4
\symAMSb=\mathgroup5
LaTeX Font Info:    Overwriting math alphabet `\mathfrak' in version `bold'
(Font)                  U/euf/m/n --> U/euf/b/n on input line 106.
))
("C:\Users\TomRo\AppData\Local\Programs\MiKTeX 2.9\tex\latex\changepage\chngpag
e.sty"
Package: chngpage 2009/10/20 v1.2b change page layout
\c@cp@cnt=\count132
\c@cp@tempcnt=\count133
)
("C:\Users\TomRo\AppData\Local\Programs\MiKTeX 2.9\tex\latex\tabulary\tabulary.
sty"
Package: tabulary 2014/06/11 v0.10 tabulary package (DPC)
\TY@count=\count134
\TY@linewidth=\dimen173
\tymin=\dimen174
\tymax=\dimen175
\TY@tablewidth=\dimen176
)
("C:\Users\TomRo\AppData\Local\Programs\MiKTeX 2.9\tex\latex\amsmath\amsmath.st
y"
Package: amsmath 2017/09/02 v2.17a AMS math features
\@mathmargin=\skip81

For additional information on amsmath, use the `?' option.

("C:\Users\TomRo\AppData\Local\Programs\MiKTeX 2.9\tex\latex\amsmath\amstext.st
y"
Package: amstext 2000/06/29 v2.01 AMS text
)
("C:\Users\TomRo\AppData\Local\Programs\MiKTeX 2.9\tex\latex\amsmath\amsopn.sty
"
Package: amsopn 2016/03/08 v2.02 operator names
)
\inf@bad=\count135
LaTeX Info: Redefining \frac on input line 213.
\uproot@=\count136
\leftroot@=\count137
LaTeX Info: Redefining \overline on input line 375.
\classnum@=\count138
\DOTSCASE@=\count139
LaTeX Info: Redefining \ldots on input line 472.
LaTeX Info: Redefining \dots on input line 475.
LaTeX Info: Redefining \cdots on input line 596.
\Mathstrutbox@=\box47
\strutbox@=\box48
\big@size=\dimen177
LaTeX Font Info:    Redeclaring font encoding OML on input line 712.
LaTeX Font Info:    Redeclaring font encoding OMS on input line 713.
\macc@depth=\count140
\c@MaxMatrixCols=\count141
\dotsspace@=\muskip10
\c@parentequation=\count142
\dspbrk@lvl=\count143
\tag@help=\toks44
\row@=\count144
\column@=\count145
\maxfields@=\count146
\andhelp@=\toks45
\eqnshift@=\dimen178
\alignsep@=\dimen179
\tagshift@=\dimen180
\tagwidth@=\dimen181
\totwidth@=\dimen182
\lineht@=\dimen183
\@envbody=\toks46
\multlinegap=\skip82
\multlinetaggap=\skip83
\mathdisplay@stack=\toks47
LaTeX Info: Redefining \[ on input line 2817.
LaTeX Info: Redefining \] on input line 2818.
)
("C:\Users\TomRo\AppData\Local\Programs\MiKTeX 2.9\tex\latex\tools\xspace.sty"
Package: xspace 2014/10/28 v1.13 Space after command names (DPC,MH)
)
("C:\Users\TomRo\AppData\Local\Programs\MiKTeX 2.9\tex\latex\pdfpages\pdfpages.
sty"
Package: pdfpages 2017/10/31 v0.5l Insert pages of external PDF documents (AM)

("C:\Users\TomRo\AppData\Local\Programs\MiKTeX 2.9\tex\latex\eso-pic\eso-pic.st
y"
Package: eso-pic 2018/04/12 v2.0h eso-pic (RN)

("C:\Users\TomRo\AppData\Local\Programs\MiKTeX 2.9\tex\generic\oberdiek\atbegsh
i.sty"
Package: atbegshi 2016/06/09 v1.18 At begin shipout hook (HO)

("C:\Users\TomRo\AppData\Local\Programs\MiKTeX 2.9\tex\generic\oberdiek\ifpdf.s
ty"
Package: ifpdf 2017/03/15 v3.2 Provides the ifpdf switch
)))
\AM@pagewidth=\dimen184
\AM@pageheight=\dimen185

("C:\Users\TomRo\AppData\Local\Programs\MiKTeX 2.9\tex\latex\pdfpages\pppdftex.
def"
File: pppdftex.def 2017/10/31 v0.5l Pdfpages driver for pdfTeX (AM)

("C:\Users\TomRo\AppData\Local\Programs\MiKTeX 2.9\tex\latex\pdfpages\ppnull.de
f"
File: ppnull.def 2017/10/31 v0.5l Pdfpages dummy driver (AM)


Package pdfpages Warning: I will use a dummy \includepdf command which
(pdfpages)                will insert empty pages instead of the actual PDF,
(pdfpages)                because we are running in DVI mode or with
(pdfpages)                dvips driver.

))
\AM@pagebox=\box49
\AM@global@opts=\toks48
\AM@toc@title=\toks49
\c@AM@survey=\count147
\AM@templatesizebox=\box50
)
("C:\Users\TomRo\AppData\Local\Programs\MiKTeX 2.9\tex\latex\textfit\textfit.st
y"
Package: textfit 1994/04/15
\mags@f@r=\count148
\desired@size=\dimen186
\r@mainder=\count149
\m@gstepcount=\count150
\m@gsteplimit=\count151
\m@gstepvalue=\count152
\m@gstepdimen=\dimen187
) ("C:\Users\TomRo\AppData\Local\Programs\MiKTeX 2.9\tex\latex\tabu\tabu.sty"
Package: tabu 2019/01/11 v2.9 - flexible LaTeX tabulars (FC+tabu-fixed)

("C:\Users\TomRo\AppData\Local\Programs\MiKTeX 2.9\tex\latex\varwidth\varwidth.
sty"
Package: varwidth 2009/03/30 ver 0.92;  Variable-width minipages
\@vwid@box=\box51
\sift@deathcycles=\count153
\@vwid@loff=\dimen188
\@vwid@roff=\dimen189
)
\c@taburow=\count154
\tabu@nbcols=\count155
\tabu@cnt=\count156
\tabu@Xcol=\count157
\tabu@alloc=\count158
\tabu@nested=\count159
\tabu@target=\dimen190
\tabu@spreadtarget=\dimen191
\tabu@naturalX=\dimen192
\tabucolX=\dimen193
\tabu@Xsum=\dimen194
\extrarowdepth=\dimen195
\abovetabulinesep=\dimen196
\belowtabulinesep=\dimen197
\tabustrutrule=\dimen198
\tabu@thebody=\toks50
\tabu@footnotes=\toks51
\tabu@box=\box52
\tabu@arstrutbox=\box53
\tabu@hleads=\box54
\tabu@vleads=\box55
\tabu@cellskip=\skip84
)
("C:\Users\TomRo\AppData\Local\Programs\MiKTeX 2.9\tex\latex\listings\listings.
sty"
\lst@mode=\count160
\lst@gtempboxa=\box56
\lst@token=\toks52
\lst@length=\count161
\lst@currlwidth=\dimen199
\lst@column=\count162
\lst@pos=\count163
\lst@lostspace=\dimen256
\lst@width=\dimen257
\lst@newlines=\count164
\lst@lineno=\count165
\lst@maxwidth=\dimen258

("C:\Users\TomRo\AppData\Local\Programs\MiKTeX 2.9\tex\latex\listings\lstmisc.s
ty"
File: lstmisc.sty 2018/09/02 1.7 (Carsten Heinz)
\c@lstnumber=\count166
\lst@skipnumbers=\count167
\lst@framebox=\box57
)
("C:\Users\TomRo\AppData\Local\Programs\MiKTeX 2.9\tex\latex\listings\listings.
cfg"
File: listings.cfg 2018/09/02 1.7 listings configuration
))
Package: listings 2018/09/02 1.7 (Carsten Heinz)

("C:\Users\TomRo\AppData\Local\Programs\MiKTeX 2.9\tex\latex\glossaries\base\gl
ossaries.sty"
Package: glossaries 2019/01/06 v4.42 (NLCT)

("C:\Users\TomRo\AppData\Local\Programs\MiKTeX 2.9\tex\latex\xkeyval\xkeyval.st
y"
Package: xkeyval 2014/12/03 v2.7a package option processing (HA)

("C:\Users\TomRo\AppData\Local\Programs\MiKTeX 2.9\tex\generic\xkeyval\xkeyval.
tex"
("C:\Users\TomRo\AppData\Local\Programs\MiKTeX 2.9\tex\generic\xkeyval\xkvutils
.tex"
\XKV@toks=\toks53
\XKV@tempa@toks=\toks54
)
\XKV@depth=\count168
File: xkeyval.tex 2014/12/03 v2.7a key=value parser (HA)
))
("C:\Users\TomRo\AppData\Local\Programs\MiKTeX 2.9\tex\latex\mfirstuc\mfirstuc.
sty"
Package: mfirstuc 2017/11/14 v2.06 (NLCT)

("C:\Users\TomRo\AppData\Local\Programs\MiKTeX 2.9\tex\latex\etoolbox\etoolbox.
sty"
Package: etoolbox 2018/08/19 v2.5f e-TeX tools for LaTeX (JAW)
\etb@tempcnta=\count169
)
\@glsmfirst=\toks55
\@glsmrest=\toks56
)
("C:\Users\TomRo\AppData\Local\Programs\MiKTeX 2.9\tex\latex\textcase\textcase.
sty"
Package: textcase 2004/10/07 v0.07 Text only upper/lower case changing (DPC)
) ("C:\Users\TomRo\AppData\Local\Programs\MiKTeX 2.9\tex\latex\xfor\xfor.sty"
Package: xfor 2009/02/05 v1.05 (NLCT)
)
("C:\Users\TomRo\AppData\Local\Programs\MiKTeX 2.9\tex\latex\datatool\datatool-
base.sty"
Package: datatool-base 2018/12/07 v2.31 (NLCT)

("C:\Users\TomRo\AppData\Local\Programs\MiKTeX 2.9\tex\latex\substr\substr.sty"
Package: substr 2009/10/20 v1.2 Handle substrings
\c@su@anzahl=\count170
)
("C:\Users\TomRo\AppData\Local\Programs\MiKTeX 2.9\tex\latex\datatool\datatool-
fp.sty"
Package: datatool-fp 2018/12/07 v2.31 (NLCT)
 ("C:\Users\TomRo\AppData\Local\Programs\MiKTeX 2.9\tex\latex\fp\fp.sty"
Package: fp 1995/04/02
`Fixed Point Package', Version 0.8, April 2, 1995 (C) Michael Mehlich
("C:\Users\TomRo\AppData\Local\Programs\MiKTeX 2.9\tex\latex\fp\defpattern.sty"
Package: defpattern 1994/10/12
\actioncount=\count171
) ("C:\Users\TomRo\AppData\Local\Programs\MiKTeX 2.9\tex\latex\fp\fp-basic.sty"
Package: fp-basic 1996/05/13
\FP@xs=\count172
\FP@xia=\count173
\FP@xib=\count174
\FP@xfa=\count175
\FP@xfb=\count176
\FP@rega=\count177
\FP@regb=\count178
\FP@regs=\count179
\FP@times=\count180
) ("C:\Users\TomRo\AppData\Local\Programs\MiKTeX 2.9\tex\latex\fp\fp-addons.sty
"
Package: fp-addons 1995/03/15
) ("C:\Users\TomRo\AppData\Local\Programs\MiKTeX 2.9\tex\latex\fp\fp-snap.sty"
Package: fp-snap 1995/04/05
) ("C:\Users\TomRo\AppData\Local\Programs\MiKTeX 2.9\tex\latex\fp\fp-exp.sty"
Package: fp-exp 1995/04/03
)
("C:\Users\TomRo\AppData\Local\Programs\MiKTeX 2.9\tex\latex\fp\fp-trigo.sty"
Package: fp-trigo 1995/04/14
)
("C:\Users\TomRo\AppData\Local\Programs\MiKTeX 2.9\tex\latex\fp\fp-pas.sty"
Package: fp-pas 1994/08/29
)
("C:\Users\TomRo\AppData\Local\Programs\MiKTeX 2.9\tex\latex\fp\fp-random.sty"
Package: fp-random 1995/02/23
\FPseed=\count181
) ("C:\Users\TomRo\AppData\Local\Programs\MiKTeX 2.9\tex\latex\fp\fp-eqn.sty"
Package: fp-eqn 1995/04/03
)
("C:\Users\TomRo\AppData\Local\Programs\MiKTeX 2.9\tex\latex\fp\fp-upn.sty"
Package: fp-upn 1996/10/21
)
("C:\Users\TomRo\AppData\Local\Programs\MiKTeX 2.9\tex\latex\fp\fp-eval.sty"
Package: fp-eval 1995/04/03
)))
\@dtl@toks=\toks57
\@dtl@tmpcount=\count182
\dtl@tmplength=\skip85
\dtl@sortresult=\count183
\@dtl@numgrpsepcount=\count184
\@dtl@datatype=\count185
\dtl@codeA=\count186
\dtl@codeB=\count187
\@dtl@foreach@level=\count188
)
("C:\Users\TomRo\AppData\Local\Programs\MiKTeX 2.9\tex\latex\glossaries\base\gl
ossaries-compatible-307.sty"
Package: glossaries-compatible-307 2019/01/06 v4.42 (NLCT)
)
("C:\Users\TomRo\AppData\Local\Programs\MiKTeX 2.9\tex\latex\tracklang\tracklan
g.sty"
Package: tracklang 2018/05/13 v1.3.6 (NLCT) Track Languages

("C:\Users\TomRo\AppData\Local\Programs\MiKTeX 2.9\tex\generic\tracklang\trackl
ang.tex"))
("C:\Users\TomRo\AppData\Local\Programs\MiKTeX 2.9\tex\latex\translator\transla
tor.sty"
Package: translator 2018/01/04 v1.12 Easy translation of strings in LaTeX
)
("C:\Users\TomRo\AppData\Local\Programs\MiKTeX 2.9\tex\latex\glossaries-german\
glossaries-german.ldf"
File: glossaries-german.ldf 2014/11/23 v1.0
)
\gls@level=\count189
\@gls@tmpb=\toks58
\gls@tmplen=\skip86
\glskeylisttok=\toks59
\glslabeltok=\toks60
\glsshorttok=\toks61
\glslongtok=\toks62

("C:\Users\TomRo\AppData\Local\Programs\MiKTeX 2.9\tex\latex\glossaries\styles\
glossary-hypernav.sty"
Package: glossary-hypernav 2019/01/06 v4.42 (NLCT)
)
("C:\Users\TomRo\AppData\Local\Programs\MiKTeX 2.9\tex\latex\glossaries\styles\
glossary-list.sty"
Package: glossary-list 2019/01/06 v4.42 (NLCT)
\glslistdottedwidth=\skip87
)
("C:\Users\TomRo\AppData\Local\Programs\MiKTeX 2.9\tex\latex\glossaries\styles\
glossary-long.sty"
Package: glossary-long 2019/01/06 v4.42 (NLCT)
\glsdescwidth=\skip88
\glspagelistwidth=\skip89
)
("C:\Users\TomRo\AppData\Local\Programs\MiKTeX 2.9\tex\latex\glossaries\styles\
glossary-super.sty"
Package: glossary-super 2019/01/06 v4.42 (NLCT)

("C:\Users\TomRo\AppData\Local\Programs\MiKTeX 2.9\tex\latex\supertabular\super
tabular.sty"
Package: supertabular 2004/02/20 v4.1e the supertabular environment
\c@tracingst=\count190
\ST@wd=\dimen259
\ST@rightskip=\skip90
\ST@leftskip=\skip91
\ST@parfillskip=\skip92
\ST@pageleft=\dimen260
\ST@headht=\dimen261
\ST@tailht=\dimen262
\ST@pagesofar=\dimen263
\ST@pboxht=\dimen264
\ST@lineht=\dimen265
\ST@stretchht=\dimen266
\ST@prevht=\dimen267
\ST@toadd=\dimen268
\ST@dimen=\dimen269
\ST@pbox=\box58
))
("C:\Users\TomRo\AppData\Local\Programs\MiKTeX 2.9\tex\latex\glossaries\styles\
glossary-tree.sty"
Package: glossary-tree 2019/01/06 v4.42 (NLCT)
\glstreeindent=\skip93
))
("C:\Users\TomRo\AppData\Local\Programs\MiKTeX 2.9\tex\latex\docmute\docmute.st
y"
Package: docmute 2012/03/22 v1.4 Input stand-alone documents
)) (../00_LATdef/DocSettings.tex
\c@MsNr=\count191
\boxw=\skip94
\boxh=\skip95
\shadowsize=\skip96
\boxroundness=\skip97
\tmpa=\skip98
\shadowblockbox=\box59

("C:\Users\TomRo\AppData\Local\Programs\MiKTeX 2.9\tex\latex\listings\lstlang1.
sty"
File: lstlang1.sty 2018/09/02 1.7 listings language file
)
("C:\Users\TomRo\AppData\Local\Programs\MiKTeX 2.9\tex\latex\listings\lstmisc.s
ty"
File: lstmisc.sty 2018/09/02 1.7 (Carsten Heinz)
)
LaTeX Font Info:    Try loading font information for OT1+pag on input line 140.


("C:\Users\TomRo\AppData\Local\Programs\MiKTeX 2.9\tex\latex\psnfss\ot1pag.fd"
File: ot1pag.fd 2001/06/04 font definitions for OT1/pag.
))

LaTeX Warning: Unused global option(s):
    [xcolor=dvipsnames].

(DA_Diplomand_1.aux

LaTeX Warning: Label `fig:BFI_WMS_Std_Pic_05' multiply defined.


LaTeX Warning: Label `fig:BFI_WMS_Std_Pic_07' multiply defined.


LaTeX Warning: Label `fig:BFI_WMS_Std_Pic_08' multiply defined.

)
\openout1 = `DA_Diplomand_1.aux'.

LaTeX Font Info:    Checking defaults for OML/cmm/m/it on input line 31.
LaTeX Font Info:    ... okay on input line 31.
LaTeX Font Info:    Checking defaults for T1/cmr/m/n on input line 31.
LaTeX Font Info:    ... okay on input line 31.
LaTeX Font Info:    Checking defaults for OT1/cmr/m/n on input line 31.
LaTeX Font Info:    ... okay on input line 31.
LaTeX Font Info:    Checking defaults for OMS/cmsy/m/n on input line 31.
LaTeX Font Info:    ... okay on input line 31.
LaTeX Font Info:    Checking defaults for OMX/cmex/m/n on input line 31.
LaTeX Font Info:    ... okay on input line 31.
LaTeX Font Info:    Checking defaults for U/cmr/m/n on input line 31.
LaTeX Font Info:    ... okay on input line 31.
 ("C:\Users\TomRo\AppData\Local\Programs\MiKTeX 2.9\tex\latex\ucs\ucsencs.def"
File: ucsencs.def 2011/01/21 Fixes to fontencodings LGR, T3
)
Package lastpage Info: Please have a look at the pageslts package at
(lastpage)             https://www.ctan.org/pkg/pageslts
(lastpage)             ! on input line 31.
Package caption Info: Begin \AtBeginDocument code.
Package caption Info: listings package is loaded.
Package caption Info: longtable package is loaded.

("C:\Users\TomRo\AppData\Local\Programs\MiKTeX 2.9\tex\latex\caption\ltcaption.
sty"
Package: ltcaption 2018/08/26 v1.4-95 longtable captions (AR)
)
Package caption Info: sidecap package is loaded.
Package caption Info: supertabular package is loaded.
Package caption Info: End \AtBeginDocument code.

("C:\Users\TomRo\AppData\Local\Programs\MiKTeX 2.9\tex\latex\ms\ragged2e.sty"
Package: ragged2e 2009/05/21 v2.1 ragged2e Package (MS)

("C:\Users\TomRo\AppData\Local\Programs\MiKTeX 2.9\tex\latex\ms\everysel.sty"
Package: everysel 2011/10/28 v1.2 EverySelectfont Package (MS)

ABD: EverySelectfont initializing macros
LaTeX Info: Redefining \selectfont on input line 126.
)
\CenteringLeftskip=\skip99
\RaggedLeftLeftskip=\skip100
\RaggedRightLeftskip=\skip101
\CenteringRightskip=\skip102
\RaggedLeftRightskip=\skip103
\RaggedRightRightskip=\skip104
\CenteringParfillskip=\skip105
\RaggedLeftParfillskip=\skip106
\RaggedRightParfillskip=\skip107
\JustifyingParfillskip=\skip108
\CenteringParindent=\skip109
\RaggedLeftParindent=\skip110
\RaggedRightParindent=\skip111
\JustifyingParindent=\skip112
)
ABD: EveryShipout initializing macros
\AtBeginShipoutBox=\box60

("C:\Users\TomRo\AppData\Local\Programs\MiKTeX 2.9\tex\latex\oberdiek\pdflscape
.sty"
Package: pdflscape 2016/05/14 v0.11 Display of landscape pages in PDF (HO)

("C:\Users\TomRo\AppData\Local\Programs\MiKTeX 2.9\tex\latex\graphics\lscape.st
y"
Package: lscape 2000/10/22 v3.01 Landscape Pages (DPC)
)
("C:\Users\TomRo\AppData\Local\Programs\MiKTeX 2.9\tex\generic\ifxetex\ifxetex.
sty"
Package: ifxetex 2010/09/12 v0.6 Provides ifxetex conditional
)
Package pdflscape Info: Auto-detected driver: dvips (dvips) on input line 125.
)
\c@lstlisting=\count192
\docmute@nestinglevel=\count193
LaTeX Font Info:    Font shape `OT1/pag/bx/n' in size <12> not available
(Font)              Font shape `OT1/pag/b/n' tried instead on input line 36.
LaTeX Font Info:    Font shape `OT1/pag/b/n' in size <12> not available
(Font)              Font shape `OT1/pag/db/n' tried instead on input line 36.

("C:\Users\TomRo\AppData\Local\Programs\MiKTeX 2.9\tex\latex\ucs\uni-0.def"
File: uni-0.def 2013/05/13 UCS: Unicode data U+0000..U+00FF
)
Underfull \hbox (badness 10000) in paragraph at lines 62--67

 []

LaTeX Font Info:    Try loading font information for U+msa on input line 67.
("C:\Users\TomRo\AppData\Local\Programs\MiKTeX 2.9\tex\latex\amsfonts\umsa.fd"
File: umsa.fd 2013/01/14 v3.01 AMS symbols A
)
LaTeX Font Info:    Try loading font information for U+msb on input line 67.
("C:\Users\TomRo\AppData\Local\Programs\MiKTeX 2.9\tex\latex\amsfonts\umsb.fd"
File: umsb.fd 2013/01/14 v3.01 AMS symbols B
)
LaTeX Font Info:    Font shape `OT1/pag/b/sc' in size <10.95> not available
(Font)              Font shape `OT1/pag/db/sc' tried instead on input line 67.
LaTeX Font Info:    Font shape `OT1/pag/b/sc' in size <8> not available
(Font)              Font shape `OT1/pag/db/sc' tried instead on input line 67.

! LaTeX Error: Cannot determine size of graphic in ./../03_AUX/01_PICT//HTL_log
o.pdf (no BoundingBox).

See the LaTeX manual or LaTeX Companion for explanation.
Type  H <return>  for immediate help.
 ...                                              
                                                  
l.67 
     
Try typing  <return>  to proceed.
If that doesn't work, type  X <return>  to quit.

File: ./../03_AUX/01_PICT//HTL_logo.pdf Graphic file (type eps)
<./../03_AUX/01_PICT//HTL_logo.pdf>

Package Fancyhdr Warning: \headheight is too small (18.125pt): 
 Make it at least 35.29547pt.
 We now make it that large for the rest of the document.
 This may cause the page layout to be inconsistent, however.

LaTeX Font Info:    Font shape `OT1/pag/bx/sc' in size <10.95> not available
(Font)              Font shape `OT1/pag/b/sc' tried instead on input line 67.
LaTeX Font Info:    Font shape `OT1/pag/b/sc' in size <10.95> not available
(Font)              Font shape `OT1/pag/db/sc' tried instead on input line 67.
[1

]
Overfull \hbox (38.01614pt too wide) in paragraph at lines 84--87
\OT1/pag/m/n/12 ar-bei-tung zu er-stel-len. Es gibt von der La-bor[]ubung ei-ne
 Leh-rer und ei-ne Sch[]ulerversion. 
 []


! LaTeX Error: Cannot determine size of graphic in ./../03_AUX/01_PICT//HTL_log
o.pdf (no BoundingBox).

See the LaTeX manual or LaTeX Companion for explanation.
Type  H <return>  for immediate help.
 ...                                              
                                                  
l.91 
     
Try typing  <return>  to proceed.
If that doesn't work, type  X <return>  to quit.

File: ./../03_AUX/01_PICT//HTL_logo.pdf Graphic file (type eps)
<./../03_AUX/01_PICT//HTL_logo.pdf>

Package Fancyhdr Warning: \headheight is too small (18.125pt): 
 Make it at least 35.29547pt.
 We now make it that large for the rest of the document.
 This may cause the page layout to be inconsistent, however.

[2]

! LaTeX Error: Cannot determine size of graphic in ./../03_AUX/01_PICT//HTL_log
o.pdf (no BoundingBox).

See the LaTeX manual or LaTeX Companion for explanation.
Type  H <return>  for immediate help.
 ...                                              
                                                  
l.93 
     
Try typing  <return>  to proceed.
If that doesn't work, type  X <return>  to quit.

File: ./../03_AUX/01_PICT//HTL_logo.pdf Graphic file (type eps)
<./../03_AUX/01_PICT//HTL_logo.pdf>

Package Fancyhdr Warning: \headheight is too small (18.125pt): 
 Make it at least 35.29547pt.
 We now make it that large for the rest of the document.
 This may cause the page layout to be inconsistent, however.

[3]
Overfull \hbox (2.05238pt too wide) in paragraph at lines 104--106
\OT1/pag/m/n/12 auch auf dem pri-va-ten Rech-ner in-stal-liert wer-den. Ei-ne D
o-ku-men-ta-ti-on ist eben-
 []


! LaTeX Error: Cannot determine size of graphic in ./../03_AUX/01_PICT//HTL_log
o.pdf (no BoundingBox).

See the LaTeX manual or LaTeX Companion for explanation.
Type  H <return>  for immediate help.
 ...                                              
                                                  
l.119 
      
Try typing  <return>  to proceed.
If that doesn't work, type  X <return>  to quit.

File: ./../03_AUX/01_PICT//HTL_logo.pdf Graphic file (type eps)
<./../03_AUX/01_PICT//HTL_logo.pdf>

Package Fancyhdr Warning: \headheight is too small (18.125pt): 
 Make it at least 35.29547pt.
 We now make it that large for the rest of the document.
 This may cause the page layout to be inconsistent, however.

[4]
Overfull \hbox (50.02757pt too wide) in paragraph at lines 121--122
\OT1/pag/m/n/12 Cloud aus-ge-tauscht. Dies dient der Si-che-rung der Da-ten-kon
-sis-tenz und []Ubersichtlichkeit. 
 []


Overfull \hbox (19.92953pt too wide) in paragraph at lines 129--130
[]\OT1/pag/db/n/12 Methodenkompetenz: \OT1/pag/m/n/12 Wel-che Me-tho-den zur Pr
o-bleml[]osung wur-den gew[]ahlt! 
 []


Overfull \hbox (21.88525pt too wide) in paragraph at lines 131--132
[]\OT1/pag/db/n/12 Sprachkompetenz: \OT1/pag/m/n/12 Wie gut kann der Di-plo-man
d tech-ni-sche Zu-sam-menh[]ange
 []


! LaTeX Error: Cannot determine size of graphic in ./../03_AUX/01_PICT//HTL_log
o.pdf (no BoundingBox).

See the LaTeX manual or LaTeX Companion for explanation.
Type  H <return>  for immediate help.
 ...                                              
                                                  
l.142 \end{enumerate}
                     
Try typing  <return>  to proceed.
If that doesn't work, type  X <return>  to quit.

File: ./../03_AUX/01_PICT//HTL_logo.pdf Graphic file (type eps)
<./../03_AUX/01_PICT//HTL_logo.pdf>

Package Fancyhdr Warning: \headheight is too small (18.125pt): 
 Make it at least 35.29547pt.
 We now make it that large for the rest of the document.
 This may cause the page layout to be inconsistent, however.

[5]

! LaTeX Error: Cannot determine size of graphic in ./../03_AUX/01_PICT//HTL_log
o.pdf (no BoundingBox).

See the LaTeX manual or LaTeX Companion for explanation.
Type  H <return>  for immediate help.
 ...                                              
                                                  
l.145 
      
Try typing  <return>  to proceed.
If that doesn't work, type  X <return>  to quit.

File: ./../03_AUX/01_PICT//HTL_logo.pdf Graphic file (type eps)
<./../03_AUX/01_PICT//HTL_logo.pdf>

Package Fancyhdr Warning: \headheight is too small (18.125pt): 
 Make it at least 35.29547pt.
 We now make it that large for the rest of the document.
 This may cause the page layout to be inconsistent, however.

[6] 
AED: lastpage setting LastPage

Package caption Warning: Unused \captionsetup[wrapfigure] on input line 18.
See the caption package documentation for explanation.


Package caption Warning: Unused \captionsetup[figure] on input line 19.
See the caption package documentation for explanation.

(DA_Diplomand_1.aux)

LaTeX Warning: There were multiply-defined labels.

 ) 
Here is how much of TeX's memory you used:
 27083 strings out of 492974
 511527 string characters out of 3126718
 908765 words of memory out of 3000000
 30375 multiletter control sequences out of 15000+200000
 14319 words of font info for 47 fonts, out of 3000000 for 9000
 1141 hyphenation exceptions out of 8191
 73i,24n,75p,9205b,555s stack positions out of 5000i,500n,10000p,200000b,50000s

Output written on DA_Diplomand_1.dvi (6 pages, 21856 bytes).
